TN:
SF:src/array.js
FN:1,carsList
FN:10,brandsList
FNF:2
FNH:2
FNDA:3,carsList
FNDA:1,brandsList
DA:2,3
DA:11,1
DA:19,1
LF:3
LH:3
BRF:0
BRH:0
end_of_record
TN:
SF:src/callback.js
FN:3,fetchAPI
FN:6,(anonymous_1)
FNF:2
FNH:2
FNDA:1,fetchAPI
FNDA:1,(anonymous_1)
DA:1,1
DA:4,1
DA:5,1
DA:6,1
DA:7,1
DA:8,0
DA:9,0
DA:11,0
DA:12,0
DA:17,1
DA:20,1
LF:11
LH:7
BRDA:7,0,0,0
BRDA:7,0,1,1
BRDA:8,1,0,0
BRDA:8,1,1,0
BRF:4
BRH:1
end_of_record
TN:
SF:src/math.js
FN:1,(anonymous_0)
FNF:1
FNH:1
FNDA:4,(anonymous_0)
DA:1,4
DA:2,1
LF:2
LH:2
BRF:0
BRH:0
end_of_record
TN:
SF:src/promise.js
FN:3,getData
FNF:1
FNH:1
FNDA:2,getData
DA:1,1
DA:4,2
DA:7,1
LF:3
LH:3
BRF:0
BRH:0
end_of_record
