<?xml version="1.0" encoding="UTF-8"?>
<coverage generated="1684616367757" clover="3.2.0">
  <project timestamp="1684616367757" name="All files">
    <metrics statements="19" coveredstatements="15" conditionals="4" coveredconditionals="1" methods="6" coveredmethods="6" elements="29" coveredelements="22" complexity="0" loc="19" ncloc="19" packages="1" files="4" classes="4"/>
    <file name="array.js" path="/home/wal/Documents/My Studies/JS-Mastery/testing/jest/src/array.js">
      <metrics statements="3" coveredstatements="3" conditionals="0" coveredconditionals="0" methods="2" coveredmethods="2"/>
      <line num="2" count="3" type="stmt"/>
      <line num="11" count="1" type="stmt"/>
      <line num="19" count="1" type="stmt"/>
    </file>
    <file name="callback.js" path="/home/wal/Documents/My Studies/JS-Mastery/testing/jest/src/callback.js">
      <metrics statements="11" coveredstatements="7" conditionals="4" coveredconditionals="1" methods="2" coveredmethods="2"/>
      <line num="1" count="1" type="stmt"/>
      <line num="4" count="1" type="stmt"/>
      <line num="5" count="1" type="stmt"/>
      <line num="6" count="1" type="stmt"/>
      <line num="7" count="1" type="cond" truecount="1" falsecount="1"/>
      <line num="8" count="0" type="cond" truecount="0" falsecount="2"/>
      <line num="9" count="0" type="stmt"/>
      <line num="11" count="0" type="stmt"/>
      <line num="12" count="0" type="stmt"/>
      <line num="17" count="1" type="stmt"/>
      <line num="20" count="1" type="stmt"/>
    </file>
    <file name="math.js" path="/home/wal/Documents/My Studies/JS-Mastery/testing/jest/src/math.js">
      <metrics statements="2" coveredstatements="2" conditionals="0" coveredconditionals="0" methods="1" coveredmethods="1"/>
      <line num="1" count="4" type="stmt"/>
      <line num="2" count="1" type="stmt"/>
    </file>
    <file name="promise.js" path="/home/wal/Documents/My Studies/JS-Mastery/testing/jest/src/promise.js">
      <metrics statements="3" coveredstatements="3" conditionals="0" coveredconditionals="0" methods="1" coveredmethods="1"/>
      <line num="1" count="1" type="stmt"/>
      <line num="4" count="2" type="stmt"/>
      <line num="7" count="1" type="stmt"/>
    </file>
  </project>
</coverage>
